<?xml version="1.0" encoding="UTF-8"?>
<testsuite xmlns:xsi="http://www.w3.org/2001/XMLSchema-instance" xsi:noNamespaceSchemaLocation="https://maven.apache.org/surefire/maven-surefire-plugin/xsd/surefire-test-report-3.0.xsd" version="3.0" name="test.TemperaturaTest" time="0.079" tests="4" errors="0" skipped="0" failures="2">
  <properties>
[...]
</properties>
  <testcase name="testCelsiusAReamurFunciona" classname="test.TemperaturaTest" time="0.008">
    <system-out><![CDATA[celsiusAReamur
]]></system-out>
  </testcase>
  <testcase name="testCelsiusAReamurNoFunciona" classname="test.TemperaturaTest" time="0.046">
    <failure message="expected: &lt;61.6&gt; but was: &lt;40.0&gt;" type="org.opentest4j.AssertionFailedError"><![CDATA[org.opentest4j.AssertionFailedError: expected: <61.6> but was: <40.0>
	at org.junit.jupiter.api.AssertionFailureBuilder.build(AssertionFailureBuilder.java:151)
	at org.junit.jupiter.api.AssertionFailureBuilder.buildAndThrow(AssertionFailureBuilder.java:132)
	at org.junit.jupiter.api.AssertEquals.failNotEqual(AssertEquals.java:197)
	at org.junit.jupiter.api.AssertEquals.assertEquals(AssertEquals.java:86)
	at org.junit.jupiter.api.AssertEquals.assertEquals(AssertEquals.java:81)
	at org.junit.jupiter.api.Assertions.assertEquals(Assertions.java:1014)
	at test.TemperaturaTest.testCelsiusAReamurNoFunciona(TemperaturaTest.java:77)
	at java.base/java.lang.reflect.Method.invoke(Method.java:568)
	at java.base/java.util.ArrayList.forEach(ArrayList.java:1511)
	at java.base/java.util.ArrayList.forEach(ArrayList.java:1511)
]]></failure>
    <system-out><![CDATA[celsiusAReamur
]]></system-out>
  </testcase>
  <testcase name="testCelsiusAFahrenheitNoFunciona" classname="test.TemperaturaTest" time="0.004">
    <failure message="expected: &lt;77.0&gt; but was: &lt;68.0&gt;" type="org.opentest4j.AssertionFailedError"><![CDATA[org.opentest4j.AssertionFailedError: expected: <77.0> but was: <68.0>
	at org.junit.jupiter.api.AssertionFailureBuilder.build(AssertionFailureBuilder.java:151)
	at org.junit.jupiter.api.AssertionFailureBuilder.buildAndThrow(AssertionFailureBuilder.java:132)
	at org.junit.jupiter.api.AssertEquals.failNotEqual(AssertEquals.java:197)
	at org.junit.jupiter.api.AssertEquals.assertEquals(AssertEquals.java:70)
	at org.junit.jupiter.api.AssertEquals.assertEquals(AssertEquals.java:65)
	at org.junit.jupiter.api.Assertions.assertEquals(Assertions.java:889)
	at test.TemperaturaTest.testCelsiusAFahrenheitNoFunciona(TemperaturaTest.java:52)
	at java.base/java.lang.reflect.Method.invoke(Method.java:568)
	at java.base/java.util.ArrayList.forEach(ArrayList.java:1511)
	at java.base/java.util.ArrayList.forEach(ArrayList.java:1511)
]]></failure>
    <system-out><![CDATA[celsiusAFahrenheit
]]></system-out>
  </testcase>
  <testcase name="testCelsiusAFahrenheitFunciona" classname="test.TemperaturaTest" time="0.002">
    <system-out><![CDATA[celsiusAFahrenheit
]]></system-out>
  </testcase>
</testsuite>